C:\Users\intern\AppData\Roaming\Python\Python314\site-packages\pronouncing\__init__.py:3: UserWarning: pkg_resources is deprecated as an API. See https://setuptools.pypa.io/en/latest/pkg_resources.html. The pkg_resources package is slated for removal as early as 2025-11-30. Refrain from using this package or pin to Setuptools<81.
  from pkg_resources import resource_stream
INFO:     Started server process [14388]
INFO:     Waiting for application startup.
2026-01-12 14:29:37,929 INFO sqlalchemy.engine.Engine BEGIN (implicit)
2026-01-12 14:29:37,930 INFO sqlalchemy.engine.Engine PRAGMA main.table_info("lyric_sessions")
2026-01-12 14:29:37,931 INFO sqlalchemy.engine.Engine [raw sql] ()
2026-01-12 14:29:37,935 INFO sqlalchemy.engine.Engine PRAGMA main.table_info("lyric_lines")
2026-01-12 14:29:37,935 INFO sqlalchemy.engine.Engine [raw sql] ()
2026-01-12 14:29:37,938 INFO sqlalchemy.engine.Engine PRAGMA main.table_info("journal_entries")
2026-01-12 14:29:37,938 INFO sqlalchemy.engine.Engine [raw sql] ()
2026-01-12 14:29:37,941 INFO sqlalchemy.engine.Engine PRAGMA main.table_info("user_profiles")
2026-01-12 14:29:37,941 INFO sqlalchemy.engine.Engine [raw sql] ()
2026-01-12 14:29:37,944 INFO sqlalchemy.engine.Engine COMMIT
INFO:     Application startup complete.
INFO:     Uvicorn running on http://127.0.0.1:8002 (Press CTRL+C to quit)
[OK] Database tables created
2026-01-12 14:29:43,512 INFO sqlalchemy.engine.Engine BEGIN (implicit)
2026-01-12 14:29:43,518 INFO sqlalchemy.engine.Engine SELECT lyric_sessions.id, lyric_sessions.title, lyric_sessions.bpm, lyric_sessions.mood, lyric_sessions.theme, lyric_sessions.audio_path, lyric_sessions.created_at, lyric_sessions.updated_at 
FROM lyric_sessions ORDER BY lyric_sessions.updated_at DESC
2026-01-12 14:29:43,519 INFO sqlalchemy.engine.Engine [generated in 0.00085s] ()
2026-01-12 14:29:43,530 INFO sqlalchemy.engine.Engine SELECT lyric_lines.session_id AS lyric_lines_session_id, lyric_lines.id AS lyric_lines_id, lyric_lines.line_number AS lyric_lines_line_number, lyric_lines.user_input AS lyric_lines_user_input, lyric_lines.ai_suggestion AS lyric_lines_ai_suggestion, lyric_lines.final_version AS lyric_lines_final_version, lyric_lines.section AS lyric_lines_section, lyric_lines.syllable_count AS lyric_lines_syllable_count, lyric_lines.stress_pattern AS lyric_lines_stress_pattern, lyric_lines.rhyme_end AS lyric_lines_rhyme_end, lyric_lines.has_internal_rhyme AS lyric_lines_has_internal_rhyme, lyric_lines.complexity_score AS lyric_lines_complexity_score, lyric_lines.created_at AS lyric_lines_created_at 
FROM lyric_lines 
WHERE lyric_lines.session_id IN (?) ORDER BY lyric_lines.line_number
2026-01-12 14:29:43,530 INFO sqlalchemy.engine.Engine [generated in 0.00052s] (1,)
2026-01-12 14:29:43,535 INFO sqlalchemy.engine.Engine ROLLBACK
INFO:     127.0.0.1:50742 - "GET /api/sessions HTTP/1.1" 500 Internal Server Error
ERROR:    Exception in ASGI application
Traceback (most recent call last):
  File "C:\Users\intern\AppData\Roaming\Python\Python314\site-packages\sqlalchemy\engine\base.py", line 1967, in _exec_single_context
    self.dialect.do_execute(
    ~~~~~~~~~~~~~~~~~~~~~~~^
        cursor, str_statement, effective_parameters, context
        ^^^^^^^^^^^^^^^^^^^^^^^^^^^^^^^^^^^^^^^^^^^^^^^^^^^^
    )
    ^
  File "C:\Users\intern\AppData\Roaming\Python\Python314\site-packages\sqlalchemy\engine\default.py", line 952, in do_execute
    cursor.execute(statement, parameters)
    ~~~~~~~~~~~~~~^^^^^^^^^^^^^^^^^^^^^^^
  File "C:\Users\intern\AppData\Roaming\Python\Python314\site-packages\sqlalchemy\dialects\sqlite\aiosqlite.py", line 180, in execute
    self._adapt_connection._handle_exception(error)
    ~~~~~~~~~~~~~~~~~~~~~~~~~~~~~~~~~~~~~~~~^^^^^^^
  File "C:\Users\intern\AppData\Roaming\Python\Python314\site-packages\sqlalchemy\dialects\sqlite\aiosqlite.py", line 340, in _handle_exception
    raise error
  File "C:\Users\intern\AppData\Roaming\Python\Python314\site-packages\sqlalchemy\dialects\sqlite\aiosqlite.py", line 162, in execute
    self.await_(_cursor.execute(operation, parameters))
    ~~~~~~~~~~~^^^^^^^^^^^^^^^^^^^^^^^^^^^^^^^^^^^^^^^^
  File "C:\Users\intern\AppData\Roaming\Python\Python314\site-packages\sqlalchemy\util\_concurrency_py3k.py", line 132, in await_only
    return current.parent.switch(awaitable)  # type: ignore[no-any-return,attr-defined] # noqa: E501
           ~~~~~~~~~~~~~~~~~~~~~^^^^^^^^^^^
  File "C:\Users\intern\AppData\Roaming\Python\Python314\site-packages\sqlalchemy\util\_concurrency_py3k.py", line 196, in greenlet_spawn
    value = await result
            ^^^^^^^^^^^^
  File "C:\Users\intern\AppData\Roaming\Python\Python314\site-packages\aiosqlite\cursor.py", line 40, in execute
    await self._execute(self._cursor.execute, sql, parameters)
  File "C:\Users\intern\AppData\Roaming\Python\Python314\site-packages\aiosqlite\cursor.py", line 32, in _execute
    return await self._conn._execute(fn, *args, **kwargs)
           ^^^^^^^^^^^^^^^^^^^^^^^^^^^^^^^^^^^^^^^^^^^^^^
  File "C:\Users\intern\AppData\Roaming\Python\Python314\site-packages\aiosqlite\core.py", line 160, in _execute
    return await future
           ^^^^^^^^^^^^
  File "C:\Users\intern\AppData\Roaming\Python\Python314\site-packages\aiosqlite\core.py", line 63, in _connection_worker_thread
    result = function()
sqlite3.OperationalError: no such column: lyric_lines.stress_pattern

The above exception was the direct cause of the following exception:

Traceback (most recent call last):
  File "C:\Users\intern\AppData\Roaming\Python\Python314\site-packages\uvicorn\protocols\http\httptools_impl.py", line 416, in run_asgi
    result = await app(  # type: ignore[func-returns-value]
             ^^^^^^^^^^^^^^^^^^^^^^^^^^^^^^^^^^^^^^^^^^^^^^
        self.scope, self.receive, self.send
        ^^^^^^^^^^^^^^^^^^^^^^^^^^^^^^^^^^^
    )
    ^
  File "C:\Users\intern\AppData\Roaming\Python\Python314\site-packages\uvicorn\middleware\proxy_headers.py", line 60, in __call__
    return await self.app(scope, receive, send)
           ^^^^^^^^^^^^^^^^^^^^^^^^^^^^^^^^^^^^
  File "C:\Users\intern\AppData\Roaming\Python\Python314\site-packages\fastapi\applications.py", line 1135, in __call__
    await super().__call__(scope, receive, send)
  File "C:\Users\intern\AppData\Roaming\Python\Python314\site-packages\starlette\applications.py", line 107, in __call__
    await self.middleware_stack(scope, receive, send)
  File "C:\Users\intern\AppData\Roaming\Python\Python314\site-packages\starlette\middleware\errors.py", line 186, in __call__
    raise exc
  File "C:\Users\intern\AppData\Roaming\Python\Python314\site-packages\starlette\middleware\errors.py", line 164, in __call__
    await self.app(scope, receive, _send)
  File "C:\Users\intern\AppData\Roaming\Python\Python314\site-packages\starlette\middleware\cors.py", line 85, in __call__
    await self.app(scope, receive, send)
  File "C:\Users\intern\AppData\Roaming\Python\Python314\site-packages\starlette\middleware\exceptions.py", line 63, in __call__
    await wrap_app_handling_exceptions(self.app, conn)(scope, receive, send)
  File "C:\Users\intern\AppData\Roaming\Python\Python314\site-packages\starlette\_exception_handler.py", line 53, in wrapped_app
    raise exc
  File "C:\Users\intern\AppData\Roaming\Python\Python314\site-packages\starlette\_exception_handler.py", line 42, in wrapped_app
    await app(scope, receive, sender)
  File "C:\Users\intern\AppData\Roaming\Python\Python314\site-packages\fastapi\middleware\asyncexitstack.py", line 18, in __call__
    await self.app(scope, receive, send)
  File "C:\Users\intern\AppData\Roaming\Python\Python314\site-packages\starlette\routing.py", line 716, in __call__
    await self.middleware_stack(scope, receive, send)
  File "C:\Users\intern\AppData\Roaming\Python\Python314\site-packages\starlette\routing.py", line 736, in app
    await route.handle(scope, receive, send)
  File "C:\Users\intern\AppData\Roaming\Python\Python314\site-packages\starlette\routing.py", line 290, in handle
    await self.app(scope, receive, send)
  File "C:\Users\intern\AppData\Roaming\Python\Python314\site-packages\fastapi\routing.py", line 115, in app
    await wrap_app_handling_exceptions(app, request)(scope, receive, send)
  File "C:\Users\intern\AppData\Roaming\Python\Python314\site-packages\starlette\_exception_handler.py", line 53, in wrapped_app
    raise exc
  File "C:\Users\intern\AppData\Roaming\Python\Python314\site-packages\starlette\_exception_handler.py", line 42, in wrapped_app
    await app(scope, receive, sender)
  File "C:\Users\intern\AppData\Roaming\Python\Python314\site-packages\fastapi\routing.py", line 101, in app
    response = await f(request)
               ^^^^^^^^^^^^^^^^
  File "C:\Users\intern\AppData\Roaming\Python\Python314\site-packages\fastapi\routing.py", line 355, in app
    raw_response = await run_endpoint_function(
                   ^^^^^^^^^^^^^^^^^^^^^^^^^^^^
    ...<3 lines>...
    )
    ^
  File "C:\Users\intern\AppData\Roaming\Python\Python314\site-packages\fastapi\routing.py", line 243, in run_endpoint_function
    return await dependant.call(**values)
           ^^^^^^^^^^^^^^^^^^^^^^^^^^^^^^
  File "C:\Github\vibelyrics\backend\routers\sessions.py", line 24, in list_sessions
    result = await db.execute(
             ^^^^^^^^^^^^^^^^^
    ...<3 lines>...
    )
    ^
  File "C:\Users\intern\AppData\Roaming\Python\Python314\site-packages\sqlalchemy\ext\asyncio\session.py", line 449, in execute
    result = await greenlet_spawn(
             ^^^^^^^^^^^^^^^^^^^^^
    ...<6 lines>...
    )
    ^
  File "C:\Users\intern\AppData\Roaming\Python\Python314\site-packages\sqlalchemy\util\_concurrency_py3k.py", line 201, in greenlet_spawn
    result = context.throw(*sys.exc_info())
  File "C:\Users\intern\AppData\Roaming\Python\Python314\site-packages\sqlalchemy\orm\session.py", line 2351, in execute
    return self._execute_internal(
           ~~~~~~~~~~~~~~~~~~~~~~^
        statement,
        ^^^^^^^^^^
    ...<4 lines>...
        _add_event=_add_event,
        ^^^^^^^^^^^^^^^^^^^^^^
    )
    ^
  File "C:\Users\intern\AppData\Roaming\Python\Python314\site-packages\sqlalchemy\orm\session.py", line 2249, in _execute_internal
    result: Result[Any] = compile_state_cls.orm_execute_statement(
                          ~~~~~~~~~~~~~~~~~~~~~~~~~~~~~~~~~~~~~~~^
        self,
        ^^^^^
    ...<4 lines>...
        conn,
        ^^^^^
    )
    ^
  File "C:\Users\intern\AppData\Roaming\Python\Python314\site-packages\sqlalchemy\orm\context.py", line 309, in orm_execute_statement
    return cls.orm_setup_cursor_result(
           ~~~~~~~~~~~~~~~~~~~~~~~~~~~^
        session,
        ^^^^^^^^
    ...<4 lines>...
        result,
        ^^^^^^^
    )
    ^
  File "C:\Users\intern\AppData\Roaming\Python\Python314\site-packages\sqlalchemy\orm\context.py", line 616, in orm_setup_cursor_result
    return loading.instances(result, querycontext)
           ~~~~~~~~~~~~~~~~~^^^^^^^^^^^^^^^^^^^^^^
  File "C:\Users\intern\AppData\Roaming\Python\Python314\site-packages\sqlalchemy\orm\loading.py", line 262, in instances
    _prebuffered = list(chunks(None))
  File "C:\Users\intern\AppData\Roaming\Python\Python314\site-packages\sqlalchemy\orm\loading.py", line 247, in chunks
    post_load.invoke(context, path)
    ~~~~~~~~~~~~~~~~^^^^^^^^^^^^^^^
  File "C:\Users\intern\AppData\Roaming\Python\Python314\site-packages\sqlalchemy\orm\loading.py", line 1564, in invoke
    loader(
    ~~~~~~^
        effective_context, path, states, self.load_keys, *arg, **kw
        ^^^^^^^^^^^^^^^^^^^^^^^^^^^^^^^^^^^^^^^^^^^^^^^^^^^^^^^^^^^
    )
    ^
  File "C:\Users\intern\AppData\Roaming\Python\Python314\site-packages\sqlalchemy\orm\strategies.py", line 3338, in _load_for_path
    self._load_via_parent(
    ~~~~~~~~~~~~~~~~~~~~~^
        our_states, query_info, q, context, execution_options
        ^^^^^^^^^^^^^^^^^^^^^^^^^^^^^^^^^^^^^^^^^^^^^^^^^^^^^
    )
    ^
  File "C:\Users\intern\AppData\Roaming\Python\Python314\site-packages\sqlalchemy\orm\strategies.py", line 3414, in _load_via_parent
    context.session.execute(
    ~~~~~~~~~~~~~~~~~~~~~~~^
        q,
        ^^
        params={"primary_keys": primary_keys},
        ^^^^^^^^^^^^^^^^^^^^^^^^^^^^^^^^^^^^^^
        execution_options=execution_options,
        ^^^^^^^^^^^^^^^^^^^^^^^^^^^^^^^^^^^^
    ).unique(),
    ^
  File "C:\Users\intern\AppData\Roaming\Python\Python314\site-packages\sqlalchemy\orm\session.py", line 2351, in execute
    return self._execute_internal(
           ~~~~~~~~~~~~~~~~~~~~~~^
        statement,
        ^^^^^^^^^^
    ...<4 lines>...
        _add_event=_add_event,
        ^^^^^^^^^^^^^^^^^^^^^^
    )
    ^
  File "C:\Users\intern\AppData\Roaming\Python\Python314\site-packages\sqlalchemy\orm\session.py", line 2249, in _execute_internal
    result: Result[Any] = compile_state_cls.orm_execute_statement(
                          ~~~~~~~~~~~~~~~~~~~~~~~~~~~~~~~~~~~~~~~^
        self,
        ^^^^^
    ...<4 lines>...
        conn,
        ^^^^^
    )
    ^
  File "C:\Users\intern\AppData\Roaming\Python\Python314\site-packages\sqlalchemy\orm\context.py", line 306, in orm_execute_statement
    result = conn.execute(
        statement, params or {}, execution_options=execution_options
    )
  File "C:\Users\intern\AppData\Roaming\Python\Python314\site-packages\sqlalchemy\engine\base.py", line 1419, in execute
    return meth(
        self,
        distilled_parameters,
        execution_options or NO_OPTIONS,
    )
  File "C:\Users\intern\AppData\Roaming\Python\Python314\site-packages\sqlalchemy\sql\elements.py", line 527, in _execute_on_connection
    return connection._execute_clauseelement(
           ~~~~~~~~~~~~~~~~~~~~~~~~~~~~~~~~~^
        self, distilled_params, execution_options
        ^^^^^^^^^^^^^^^^^^^^^^^^^^^^^^^^^^^^^^^^^
    )
    ^
  File "C:\Users\intern\AppData\Roaming\Python\Python314\site-packages\sqlalchemy\engine\base.py", line 1641, in _execute_clauseelement
    ret = self._execute_context(
        dialect,
    ...<8 lines>...
        cache_hit=cache_hit,
    )
  File "C:\Users\intern\AppData\Roaming\Python\Python314\site-packages\sqlalchemy\engine\base.py", line 1846, in _execute_context
    return self._exec_single_context(
           ~~~~~~~~~~~~~~~~~~~~~~~~~^
        dialect, context, statement, parameters
        ^^^^^^^^^^^^^^^^^^^^^^^^^^^^^^^^^^^^^^^
    )
    ^
  File "C:\Users\intern\AppData\Roaming\Python\Python314\site-packages\sqlalchemy\engine\base.py", line 1986, in _exec_single_context
    self._handle_dbapi_exception(
    ~~~~~~~~~~~~~~~~~~~~~~~~~~~~^
        e, str_statement, effective_parameters, cursor, context
        ^^^^^^^^^^^^^^^^^^^^^^^^^^^^^^^^^^^^^^^^^^^^^^^^^^^^^^^
    )
    ^
  File "C:\Users\intern\AppData\Roaming\Python\Python314\site-packages\sqlalchemy\engine\base.py", line 2363, in _handle_dbapi_exception
    raise sqlalchemy_exception.with_traceback(exc_info[2]) from e
  File "C:\Users\intern\AppData\Roaming\Python\Python314\site-packages\sqlalchemy\engine\base.py", line 1967, in _exec_single_context
    self.dialect.do_execute(
    ~~~~~~~~~~~~~~~~~~~~~~~^
        cursor, str_statement, effective_parameters, context
        ^^^^^^^^^^^^^^^^^^^^^^^^^^^^^^^^^^^^^^^^^^^^^^^^^^^^
    )
    ^
  File "C:\Users\intern\AppData\Roaming\Python\Python314\site-packages\sqlalchemy\engine\default.py", line 952, in do_execute
    cursor.execute(statement, parameters)
    ~~~~~~~~~~~~~~^^^^^^^^^^^^^^^^^^^^^^^
  File "C:\Users\intern\AppData\Roaming\Python\Python314\site-packages\sqlalchemy\dialects\sqlite\aiosqlite.py", line 180, in execute
    self._adapt_connection._handle_exception(error)
    ~~~~~~~~~~~~~~~~~~~~~~~~~~~~~~~~~~~~~~~~^^^^^^^
  File "C:\Users\intern\AppData\Roaming\Python\Python314\site-packages\sqlalchemy\dialects\sqlite\aiosqlite.py", line 340, in _handle_exception
    raise error
  File "C:\Users\intern\AppData\Roaming\Python\Python314\site-packages\sqlalchemy\dialects\sqlite\aiosqlite.py", line 162, in execute
    self.await_(_cursor.execute(operation, parameters))
    ~~~~~~~~~~~^^^^^^^^^^^^^^^^^^^^^^^^^^^^^^^^^^^^^^^^
  File "C:\Users\intern\AppData\Roaming\Python\Python314\site-packages\sqlalchemy\util\_concurrency_py3k.py", line 132, in await_only
    return current.parent.switch(awaitable)  # type: ignore[no-any-return,attr-defined] # noqa: E501
           ~~~~~~~~~~~~~~~~~~~~~^^^^^^^^^^^
  File "C:\Users\intern\AppData\Roaming\Python\Python314\site-packages\sqlalchemy\util\_concurrency_py3k.py", line 196, in greenlet_spawn
    value = await result
            ^^^^^^^^^^^^
  File "C:\Users\intern\AppData\Roaming\Python\Python314\site-packages\aiosqlite\cursor.py", line 40, in execute
    await self._execute(self._cursor.execute, sql, parameters)
  File "C:\Users\intern\AppData\Roaming\Python\Python314\site-packages\aiosqlite\cursor.py", line 32, in _execute
    return await self._conn._execute(fn, *args, **kwargs)
           ^^^^^^^^^^^^^^^^^^^^^^^^^^^^^^^^^^^^^^^^^^^^^^
  File "C:\Users\intern\AppData\Roaming\Python\Python314\site-packages\aiosqlite\core.py", line 160, in _execute
    return await future
           ^^^^^^^^^^^^
  File "C:\Users\intern\AppData\Roaming\Python\Python314\site-packages\aiosqlite\core.py", line 63, in _connection_worker_thread
    result = function()
sqlalchemy.exc.OperationalError: (sqlite3.OperationalError) no such column: lyric_lines.stress_pattern
[SQL: SELECT lyric_lines.session_id AS lyric_lines_session_id, lyric_lines.id AS lyric_lines_id, lyric_lines.line_number AS lyric_lines_line_number, lyric_lines.user_input AS lyric_lines_user_input, lyric_lines.ai_suggestion AS lyric_lines_ai_suggestion, lyric_lines.final_version AS lyric_lines_final_version, lyric_lines.section AS lyric_lines_section, lyric_lines.syllable_count AS lyric_lines_syllable_count, lyric_lines.stress_pattern AS lyric_lines_stress_pattern, lyric_lines.rhyme_end AS lyric_lines_rhyme_end, lyric_lines.has_internal_rhyme AS lyric_lines_has_internal_rhyme, lyric_lines.complexity_score AS lyric_lines_complexity_score, lyric_lines.created_at AS lyric_lines_created_at 
FROM lyric_lines 
WHERE lyric_lines.session_id IN (?) ORDER BY lyric_lines.line_number]
[parameters: (1,)]
(Background on this error at: https://sqlalche.me/e/20/e3q8)
